Performing C++ SOURCE FILE Test CMAKE_HAVE_LIBC_PTHREAD failed with the following output:
Change Dir: /home/ldd/msckf_real/src/msckf_vio/build/CMakeFiles/CMakeTmp

Run Build Command(s):/usr/bin/make cmTC_b04d2/fast && /usr/bin/make -f CMakeFiles/cmTC_b04d2.dir/build.make CMakeFiles/cmTC_b04d2.dir/build
make[1]: 进入目录“/home/ldd/msckf_real/src/msckf_vio/build/CMakeFiles/CMakeTmp”
Building CXX object CMakeFiles/cmTC_b04d2.dir/src.cxx.o
/usr/bin/g++    -DCMAKE_HAVE_LIBC_PTHREAD   -o CMakeFiles/cmTC_b04d2.dir/src.cxx.o -c /home/ldd/msckf_real/src/msckf_vio/build/CMakeFiles/CMakeTmp/src.cxx
Linking CXX executable cmTC_b04d2
/usr/bin/cmake -E cmake_link_script CMakeFiles/cmTC_b04d2.dir/link.txt --verbose=1
/usr/bin/g++   -DCMAKE_HAVE_LIBC_PTHREAD    -rdynamic CMakeFiles/cmTC_b04d2.dir/src.cxx.o  -o cmTC_b04d2 
/usr/bin/ld: CMakeFiles/cmTC_b04d2.dir/src.cxx.o: in function `main':
src.cxx:(.text+0x46): undefined reference to `pthread_create'
/usr/bin/ld: src.cxx:(.text+0x52): undefined reference to `pthread_detach'
/usr/bin/ld: src.cxx:(.text+0x63): undefined reference to `pthread_join'
collect2: error: ld returned 1 exit status
make[1]: *** [CMakeFiles/cmTC_b04d2.dir/build.make:87：cmTC_b04d2] 错误 1
make[1]: 离开目录“/home/ldd/msckf_real/src/msckf_vio/build/CMakeFiles/CMakeTmp”
make: *** [Makefile:121：cmTC_b04d2/fast] 错误 2


Source file was:
#include <pthread.h>

void* test_func(void* data)
{
  return data;
}

int main(void)
{
  pthread_t thread;
  pthread_create(&thread, NULL, test_func, NULL);
  pthread_detach(thread);
  pthread_join(thread, NULL);
  pthread_atfork(NULL, NULL, NULL);
  pthread_exit(NULL);

  return 0;
}

Determining if the function pthread_create exists in the pthreads failed with the following output:
Change Dir: /home/ldd/msckf_real/src/msckf_vio/build/CMakeFiles/CMakeTmp

Run Build Command(s):/usr/bin/make cmTC_2f80a/fast && /usr/bin/make -f CMakeFiles/cmTC_2f80a.dir/build.make CMakeFiles/cmTC_2f80a.dir/build
make[1]: 进入目录“/home/ldd/msckf_real/src/msckf_vio/build/CMakeFiles/CMakeTmp”
Building CXX object CMakeFiles/cmTC_2f80a.dir/CheckFunctionExists.cxx.o
/usr/bin/g++    -DCHECK_FUNCTION_EXISTS=pthread_create   -o CMakeFiles/cmTC_2f80a.dir/CheckFunctionExists.cxx.o -c /home/ldd/msckf_real/src/msckf_vio/build/CMakeFiles/CheckLibraryExists/CheckFunctionExists.cxx
Linking CXX executable cmTC_2f80a
/usr/bin/cmake -E cmake_link_script CMakeFiles/cmTC_2f80a.dir/link.txt --verbose=1
/usr/bin/g++   -DCHECK_FUNCTION_EXISTS=pthread_create    -rdynamic CMakeFiles/cmTC_2f80a.dir/CheckFunctionExists.cxx.o  -o cmTC_2f80a  -lpthreads 
/usr/bin/ld: 找不到 -lpthreads
collect2: error: ld returned 1 exit status
make[1]: *** [CMakeFiles/cmTC_2f80a.dir/build.make:87：cmTC_2f80a] 错误 1
make[1]: 离开目录“/home/ldd/msckf_real/src/msckf_vio/build/CMakeFiles/CMakeTmp”
make: *** [Makefile:121：cmTC_2f80a/fast] 错误 2



Determining if the function sgemm_ exists failed with the following output:
Change Dir: /home/ldd/msckf_real/src/msckf_vio/build/CMakeFiles/CMakeTmp

Run Build Command(s):/usr/bin/make cmTC_5215b/fast && /usr/bin/make -f CMakeFiles/cmTC_5215b.dir/build.make CMakeFiles/cmTC_5215b.dir/build
make[1]: 进入目录“/home/ldd/msckf_real/src/msckf_vio/build/CMakeFiles/CMakeTmp”
Building CXX object CMakeFiles/cmTC_5215b.dir/CheckFunctionExists.cxx.o
/usr/bin/g++    -DCHECK_FUNCTION_EXISTS=sgemm_   -o CMakeFiles/cmTC_5215b.dir/CheckFunctionExists.cxx.o -c /home/ldd/msckf_real/src/msckf_vio/build/CMakeFiles/CheckFunctionExists/CheckFunctionExists.cxx
Linking CXX executable cmTC_5215b
/usr/bin/cmake -E cmake_link_script CMakeFiles/cmTC_5215b.dir/link.txt --verbose=1
/usr/bin/g++   -DCHECK_FUNCTION_EXISTS=sgemm_    -rdynamic CMakeFiles/cmTC_5215b.dir/CheckFunctionExists.cxx.o  -o cmTC_5215b 
/usr/bin/ld: CMakeFiles/cmTC_5215b.dir/CheckFunctionExists.cxx.o: in function `main':
CheckFunctionExists.cxx:(.text+0x14): undefined reference to `sgemm_'
collect2: error: ld returned 1 exit status
make[1]: *** [CMakeFiles/cmTC_5215b.dir/build.make:87：cmTC_5215b] 错误 1
make[1]: 离开目录“/home/ldd/msckf_real/src/msckf_vio/build/CMakeFiles/CMakeTmp”
make: *** [Makefile:121：cmTC_5215b/fast] 错误 2



Determining if the function cheev_ exists failed with the following output:
Change Dir: /home/ldd/msckf_real/src/msckf_vio/build/CMakeFiles/CMakeTmp

Run Build Command(s):/usr/bin/make cmTC_d5d6f/fast && /usr/bin/make -f CMakeFiles/cmTC_d5d6f.dir/build.make CMakeFiles/cmTC_d5d6f.dir/build
make[1]: 进入目录“/home/ldd/msckf_real/src/msckf_vio/build/CMakeFiles/CMakeTmp”
Building CXX object CMakeFiles/cmTC_d5d6f.dir/CheckFunctionExists.cxx.o
/usr/bin/g++    -DCHECK_FUNCTION_EXISTS=cheev_   -o CMakeFiles/cmTC_d5d6f.dir/CheckFunctionExists.cxx.o -c /home/ldd/msckf_real/src/msckf_vio/build/CMakeFiles/CheckFunctionExists/CheckFunctionExists.cxx
Linking CXX executable cmTC_d5d6f
/usr/bin/cmake -E cmake_link_script CMakeFiles/cmTC_d5d6f.dir/link.txt --verbose=1
/usr/bin/g++   -DCHECK_FUNCTION_EXISTS=cheev_    -rdynamic CMakeFiles/cmTC_d5d6f.dir/CheckFunctionExists.cxx.o  -o cmTC_d5d6f  /usr/lib/x86_64-linux-gnu/libf77blas.so /usr/lib/x86_64-linux-gnu/libatlas.so 
/usr/bin/ld: CMakeFiles/cmTC_d5d6f.dir/CheckFunctionExists.cxx.o: in function `main':
CheckFunctionExists.cxx:(.text+0x14): undefined reference to `cheev_'
collect2: error: ld returned 1 exit status
make[1]: *** [CMakeFiles/cmTC_d5d6f.dir/build.make:89：cmTC_d5d6f] 错误 1
make[1]: 离开目录“/home/ldd/msckf_real/src/msckf_vio/build/CMakeFiles/CMakeTmp”
make: *** [Makefile:121：cmTC_d5d6f/fast] 错误 2



